\BOOKMARK [1][-]{section.1}{Introduction}{}% 1
\BOOKMARK [2][-]{subsection.1.1}{Purpose}{section.1}% 2
\BOOKMARK [2][-]{subsection.1.2}{Scope}{section.1}% 3
\BOOKMARK [2][-]{subsection.1.3}{Overview}{section.1}% 4
\BOOKMARK [2][-]{subsection.1.4}{Document Conventions}{section.1}% 5
\BOOKMARK [1][-]{section.2}{System Overview}{}% 6
\BOOKMARK [2][-]{subsection.2.1}{Background}{section.2}% 7
\BOOKMARK [2][-]{subsection.2.2}{Technologies Used}{section.2}% 8
\BOOKMARK [2][-]{subsection.2.3}{Software Design Overview}{section.2}% 9
\BOOKMARK [1][-]{section.3}{System Architecture and Components Design}{}% 10
\BOOKMARK [2][-]{subsection.3.1}{Architectural Description}{section.3}% 11
\BOOKMARK [2][-]{subsection.3.2}{Component Decomposition Description}{section.3}% 12
\BOOKMARK [2][-]{subsection.3.3}{Detailed Components Design Description}{section.3}% 13
\BOOKMARK [2][-]{subsection.3.4}{Architectural Alternatives}{section.3}% 14
\BOOKMARK [2][-]{subsection.3.5}{Design Rationale}{section.3}% 15
\BOOKMARK [1][-]{section.4}{Data Design}{}% 16
\BOOKMARK [2][-]{subsection.4.1}{Database Description}{section.4}% 17
\BOOKMARK [2][-]{subsection.4.2}{Data Structures}{section.4}% 18
\BOOKMARK [1][-]{section.5}{Design Details}{}% 19
\BOOKMARK [2][-]{subsection.5.1}{Class Diagrams}{section.5}% 20
\BOOKMARK [1][-]{section.6}{Human Interface Design}{}% 21
\BOOKMARK [2][-]{subsection.6.1}{Overview of the User Interface}{section.6}% 22
\BOOKMARK [2][-]{subsection.6.2}{Detailed Design of the User Interface}{section.6}% 23
\BOOKMARK [2][-]{subsection.6.3}{Graph Structure Used in AI}{section.6}% 24
\BOOKMARK [1][-]{section.7}{Resource Estimates}{}% 25
\BOOKMARK [1][-]{section.8}{Definitions, Acronymns and Abbreviations}{}% 26
